[baseline-browser-mapping] The data in this module is over two months old.  To ensure accurate Baseline data, please update: `npm i baseline-browser-mapping@latest -D`
   ▲ Next.js 16.0.5 (Turbopack)

   Creating an optimized production build ...
[baseline-browser-mapping] The data in this module is over two months old.  To ensure accurate Baseline data, please update: `npm i baseline-browser-mapping@latest -D`

> Build error occurred
Error: Turbopack build failed with 12 errors:
./src/app/(auth)/forgot-password/page.tsx:5:1
Module not found: Can't resolve '@/components/ui/Button'
[0m [90m 3 |[39m [36mimport[39m [33mReact[39m[33m,[39m { useState } [36mfrom[39m [32m"react"[39m[33m;[39m
 [90m 4 |[39m [36mimport[39m [33mLink[39m [36mfrom[39m [32m"next/link"[39m[33m;[39m
[31m[1m>[22m[39m[90m 5 |[39m [36mimport[39m { [33mButton[39m [36mas[39m [33mUiButton[39m } [36mfrom[39m [32m"@/components/ui/Button"[39m[33m;[39m
 [90m   |[39m [31m[1m^[22m[39m[31m[1m^[22m[39m[31m[1m^[22m[39m[31m[1m^[22m[39m[31m[1m^[22m[39m[31m[1m^[22m[39m[31m[1m^[22m[39m[31m[1m^[22m[39m[31m[1m^[22m[39m[31m[1m^[22m[39m[31m[1m^[22m[39m[31m[1m^[22m[39m[31m[1m^[22m[39m[31m[1m^[22m[39m[31m[1m^[22m[39m[31m[1m^[22m[39m[31m[1m^[22m[39m[31m[1m^[22m[39m[31m[1m^[22m[39m[31m[1m^[22m[39m[31m[1m^[22m[39m[31m[1m^[22m[39m[31m[1m^[22m[39m[31m[1m^[22m[39m[31m[1m^[22m[39m[31m[1m^[22m[39m[31m[1m^[22m[39m[31m[1m^[22m[39m[31m[1m^[22m[39m[31m[1m^[22m[39m[31m[1m^[22m[39m[31m[1m^[22m[39m[31m[1m^[22m[39m[31m[1m^[22m[39m[31m[1m^[22m[39m[31m[1m^[22m[39m[31m[1m^[22m[39m[31m[1m^[22m[39m[31m[1m^[22m[39m[31m[1m^[22m[39m[31m[1m^[22m[39m[31m[1m^[22m[39m[31m[1m^[22m[39m[31m[1m^[22m[39m[31m[1m^[22m[39m[31m[1m^[22m[39m[31m[1m^[22m[39m[31m[1m^[22m[39m[31m[1m^[22m[39m[31m[1m^[22m[39m[31m[1m^[22m[39m[31m[1m^[22m[39m[31m[1m^[22m[39m[31m[1m^[22m[39m[31m[1m^[22m[39m[31m[1m^[22m[39m[31m[1m^[22m[39m[31m[1m^[22m[39m[31m[1m^[22m[39m[31m[1m^[22m[39m
 [90m 6 |[39m [36mimport[39m { [33mInput[39m } [36mfrom[39m [32m"@/components/ui/input"[39m[33m;[39m
 [90m 7 |[39m [36mimport[39m { [33mLabel[39m } [36mfrom[39m [32m"@/components/ui/label"[39m[33m;[39m
 [90m 8 |[39m [36mimport[39m {[0m

Import map: aliased to relative './src/components/ui/Button' inside of [project]/


Import traces:
  Client Component Browser:
    ./src/app/(auth)/forgot-password/page.tsx [Client Component Browser]
    ./src/app/(auth)/forgot-password/page.tsx [Server Component]

  Client Component SSR:
    ./src/app/(auth)/forgot-password/page.tsx [Client Component SSR]
    ./src/app/(auth)/forgot-password/page.tsx [Server Component]

https://nextjs.org/docs/messages/module-not-found


./src/app/(auth)/login/page.tsx:9:1
Module not found: Can't resolve '@/components/ui/Button'
[0m [90m  7 |[39m [36mimport[39m { [33mCheckbox[39m } [36mfrom[39m [32m"@/components/ui/checkbox"[39m[33m;[39m
 [90m  8 |[39m [36mimport[39m { [33mEye[39m[33m,[39m [33mEyeOff[39m[33m,[39m [33mLoader2[39m[33m,[39m [33mLogIn[39m[33m,[39m [33mMail[39m } [36mfrom[39m [32m"lucide-react"[39m[33m;[39m
[31m[1m>[22m[39m[90m  9 |[39m [36mimport[39m { [33mButton[39m } [36mfrom[39m [32m"@/components/ui/Button"[39m[33m;[39m
 [90m    |[39m [31m[1m^[22m[39m[31m[1m^[22m[39m[31m[1m^[22m[39m[31m[1m^[22m[39m[31m[1m^[22m[39m[31m[1m^[22m[39m[31m[1m^[22m[39m[31m[1m^[22m[39m[31m[1m^[22m[39m[31m[1m^[22m[39m[31m[1m^[22m[39m[31m[1m^[22m[39m[31m[1m^[22m[39m[31m[1m^[22m[39m[31m[1m^[22m[39m[31m[1m^[22m[39m[31m[1m^[22m[39m[31m[1m^[22m[39m[31m[1m^[22m[39m[31m[1m^[22m[39m[31m[1m^[22m[39m[31m[1m^[22m[39m[31m[1m^[22m[39m[31m[1m^[22m[39m[31m[1m^[22m[39m[31m[1m^[22m[39m[31m[1m^[22m[39m[31m[1m^[22m[39m[31m[1m^[22m[39m[31m[1m^[22m[39m[31m[1m^[22m[39m[31m[1m^[22m[39m[31m[1m^[22m[39m[31m[1m^[22m[39m[31m[1m^[22m[39m[31m[1m^[22m[39m[31m[1m^[22m[39m[31m[1m^[22m[39m[31m[1m^[22m[39m[31m[1m^[22m[39m[31m[1m^[22m[39m[31m[1m^[22m[39m[31m[1m^[22m[39m[31m[1m^[22m[39m[31m[1m^[22m[39m[31m[1m^[22m[39m[31m[1m^[22m[39m[31m[1m^[22m[39m
 [90m 10 |[39m [36mimport[39m { useLoginForm } [36mfrom[39m [32m"@/hooks/auth/useLoginForm"[39m[33m;[39m
 [90m 11 |[39m [36mimport[39m { [33mAuthWrapper[39m } [36mfrom[39m [32m"@/components/auth/shared"[39m[33m;[39m
 [90m 12 |[39m[0m

Import map: aliased to relative './src/components/ui/Button' inside of [project]/


Import traces:
  Client Component Browser:
    ./src/app/(auth)/login/page.tsx [Client Component Browser]
    ./src/app/(auth)/login/page.tsx [Server Component]

  Client Component SSR:
    ./src/app/(auth)/login/page.tsx [Client Component SSR]
    ./src/app/(auth)/login/page.tsx [Server Component]

https://nextjs.org/docs/messages/module-not-found


./src/app/(auth)/register/page.tsx:5:1
Module not found: Can't resolve '@/components/ui/Button'
[0m [90m 3 |[39m [36mimport[39m [33mReact[39m [36mfrom[39m [32m"react"[39m[33m;[39m
 [90m 4 |[39m [36mimport[39m [33mLink[39m [36mfrom[39m [32m"next/link"[39m[33m;[39m
[31m[1m>[22m[39m[90m 5 |[39m [36mimport[39m { [33mButton[39m [36mas[39m [33mUiButton[39m } [36mfrom[39m [32m"@/components/ui/Button"[39m[33m;[39m
 [90m   |[39m [31m[1m^[22m[39m[31m[1m^[22m[39m[31m[1m^[22m[39m[31m[1m^[22m[39m[31m[1m^[22m[39m[31m[1m^[22m[39m[31m[1m^[22m[39m[31m[1m^[22m[39m[31m[1m^[22m[39m[31m[1m^[22m[39m[31m[1m^[22m[39m[31m[1m^[22m[39m[31m[1m^[22m[39m[31m[1m^[22m[39m[31m[1m^[22m[39m[31m[1m^[22m[39m[31m[1m^[22m[39m[31m[1m^[22m[39m[31m[1m^[22m[39m[31m[1m^[22m[39m[31m[1m^[22m[39m[31m[1m^[22m[39m[31m[1m^[22m[39m[31m[1m^[22m[39m[31m[1m^[22m[39m[31m[1m^[22m[39m[31m[1m^[22m[39m[31m[1m^[22m[39m[31m[1m^[22m[39m[31m[1m^[22m[39m[31m[1m^[22m[39m[31m[1m^[22m[39m[31m[1m^[22m[39m[31m[1m^[22m[39m[31m[1m^[22m[39m[31m[1m^[22m[39m[31m[1m^[22m[39m[31m[1m^[22m[39m[31m[1m^[22m[39m[31m[1m^[22m[39m[31m[1m^[22m[39m[31m[1m^[22m[39m[31m[1m^[22m[39m[31m[1m^[22m[39m[31m[1m^[22m[39m[31m[1m^[22m[39m[31m[1m^[22m[39m[31m[1m^[22m[39m[31m[1m^[22m[39m[31m[1m^[22m[39m[31m[1m^[22m[39m[31m[1m^[22m[39m[31m[1m^[22m[39m[31m[1m^[22m[39m[31m[1m^[22m[39m[31m[1m^[22m[39m[31m[1m^[22m[39m[31m[1m^[22m[39m[31m[1m^[22m[39m[31m[1m^[22m[39m
 [90m 6 |[39m [36mimport[39m {
 [90m 7 |[39m     [33mCardContent[39m[33m,[39m
 [90m 8 |[39m } [36mfrom[39m [32m"@/components/ui/card"[39m[33m;[39m[0m

Import map: aliased to relative './src/components/ui/Button' inside of [project]/


Import traces:
  Client Component Browser:
    ./src/app/(auth)/register/page.tsx [Client Component Browser]
    ./src/app/(auth)/register/page.tsx [Server Component]

  Client Component SSR:
    ./src/app/(auth)/register/page.tsx [Client Component SSR]
    ./src/app/(auth)/register/page.tsx [Server Component]

https://nextjs.org/docs/messages/module-not-found


./src/components/auth/shared/AuthWrapper.tsx:4:1
Module not found: Can't resolve '@/components/ui/Button'
[0m [90m 2 |[39m [36mimport[39m [33mLink[39m [36mfrom[39m [32m"next/link"[39m[33m;[39m
 [90m 3 |[39m [36mimport[39m { cn } [36mfrom[39m [32m"@/lib/utils"[39m[33m;[39m
[31m[1m>[22m[39m[90m 4 |[39m [36mimport[39m { [33mButton[39m } [36mfrom[39m [32m"@/components/ui/Button"[39m[33m;[39m
 [90m   |[39m [31m[1m^[22m[39m[31m[1m^[22m[39m[31m[1m^[22m[39m[31m[1m^[22m[39m[31m[1m^[22m[39m[31m[1m^[22m[39m[31m[1m^[22m[39m[31m[1m^[22m[39m[31m[1m^[22m[39m[31m[1m^[22m[39m[31m[1m^[22m[39m[31m[1m^[22m[39m[31m[1m^[22m[39m[31m[1m^[22m[39m[31m[1m^[22m[39m[31m[1m^[22m[39m[31m[1m^[22m[39m[31m[1m^[22m[39m[31m[1m^[22m[39m[31m[1m^[22m[39m[31m[1m^[22m[39m[31m[1m^[22m[39m[31m[1m^[22m[39m[31m[1m^[22m[39m[31m[1m^[22m[39m[31m[1m^[22m[39m[31m[1m^[22m[39m[31m[1m^[22m[39m[31m[1m^[22m[39m[31m[1m^[22m[39m[31m[1m^[22m[39m[31m[1m^[22m[39m[31m[1m^[22m[39m[31m[1m^[22m[39m[31m[1m^[22m[39m[31m[1m^[22m[39m[31m[1m^[22m[39m[31m[1m^[22m[39m[31m[1m^[22m[39m[31m[1m^[22m[39m[31m[1m^[22m[39m[31m[1m^[22m[39m[31m[1m^[22m[39m[31m[1m^[22m[39m[31m[1m^[22m[39m[31m[1m^[22m[39m[31m[1m^[22m[39m[31m[1m^[22m[39m
 [90m 5 |[39m
 [90m 6 |[39m [36minterface[39m [33mAuthWrapperProps[39m {
 [90m 7 |[39m     children[33m:[39m [33mReact[39m[33m.[39m[33mReactNode[39m[33m;[39m[0m

Import map: aliased to relative './src/components/ui/Button' inside of [project]/


Import traces:
  Client Component Browser:
    ./src/components/auth/shared/AuthWrapper.tsx [Client Component Browser]
    ./src/app/(auth)/login/page.tsx [Client Component Browser]
    ./src/app/(auth)/login/page.tsx [Server Component]

  Client Component SSR:
    ./src/components/auth/shared/AuthWrapper.tsx [Client Component SSR]
    ./src/app/(auth)/login/page.tsx [Client Component SSR]
    ./src/app/(auth)/login/page.tsx [Server Component]

https://nextjs.org/docs/messages/module-not-found


./src/components/home/HeroSection.tsx:4:1
Module not found: Can't resolve '@/components/ui/Button'
[0m [90m 2 |[39m
 [90m 3 |[39m [36mimport[39m { useEffect[33m,[39m useState } [36mfrom[39m [32m"react"[39m[33m;[39m
[31m[1m>[22m[39m[90m 4 |[39m [36mimport[39m { [33mButton[39m } [36mfrom[39m [32m"@/components/ui/Button"[39m[33m;[39m
 [90m   |[39m [31m[1m^[22m[39m[31m[1m^[22m[39m[31m[1m^[22m[39m[31m[1m^[22m[39m[31m[1m^[22m[39m[31m[1m^[22m[39m[31m[1m^[22m[39m[31m[1m^[22m[39m[31m[1m^[22m[39m[31m[1m^[22m[39m[31m[1m^[22m[39m[31m[1m^[22m[39m[31m[1m^[22m[39m[31m[1m^[22m[39m[31m[1m^[22m[39m[31m[1m^[22m[39m[31m[1m^[22m[39m[31m[1m^[22m[39m[31m[1m^[22m[39m[31m[1m^[22m[39m[31m[1m^[22m[39m[31m[1m^[22m[39m[31m[1m^[22m[39m[31m[1m^[22m[39m[31m[1m^[22m[39m[31m[1m^[22m[39m[31m[1m^[22m[39m[31m[1m^[22m[39m[31m[1m^[22m[39m[31m[1m^[22m[39m[31m[1m^[22m[39m[31m[1m^[22m[39m[31m[1m^[22m[39m[31m[1m^[22m[39m[31m[1m^[22m[39m[31m[1m^[22m[39m[31m[1m^[22m[39m[31m[1m^[22m[39m[31m[1m^[22m[39m[31m[1m^[22m[39m[31m[1m^[22m[39m[31m[1m^[22m[39m[31m[1m^[22m[39m[31m[1m^[22m[39m[31m[1m^[22m[39m[31m[1m^[22m[39m[31m[1m^[22m[39m[31m[1m^[22m[39m
 [90m 5 |[39m [36mimport[39m { [33mArrowLeft[39m[33m,[39m [33mUsers[39m[33m,[39m [33mBuilding2[39m[33m,[39m [33mMapPin[39m[33m,[39m [33mShieldCheck[39m[33m,[39m [33mAward[39m[33m,[39m [33mHeart[39m } [36mfrom[39m [32m"lucide-react"[39m[33m;[39m
 [90m 6 |[39m [36mimport[39m [33mLink[39m [36mfrom[39m [32m"next/link"[39m[33m;[39m
 [90m 7 |[39m [36mimport[39m [33mImage[39m [36mfrom[39m [32m"next/image"[39m[33m;[39m[0m

Import map: aliased to relative './src/components/ui/Button' inside of [project]/


Import trace:
  Server Component:
    ./src/components/home/HeroSection.tsx
    ./src/app/(public)/page.tsx

https://nextjs.org/docs/messages/module-not-found


./src/components/home/JourneySection.tsx:5:1
Module not found: Can't resolve '@/components/ui/Button'
[0m [90m 3 |[39m [36mimport[39m { [33mUserPlus[39m[33m,[39m [33mFileText[39m[33m,[39m [33mBrainCircuit[39m[33m,[39m [33mBuilding2[39m[33m,[39m [33mCheckCircle2[39m[33m,[39m [33mArrowLeft[39m } [36mfrom[39m [32m"lucide-react"[39m[33m;[39m
 [90m 4 |[39m [36mimport[39m [33mLink[39m [36mfrom[39m [32m"next/link"[39m[33m;[39m
[31m[1m>[22m[39m[90m 5 |[39m [36mimport[39m { [33mButton[39m } [36mfrom[39m [32m"@/components/ui/Button"[39m[33m;[39m
 [90m   |[39m [31m[1m^[22m[39m[31m[1m^[22m[39m[31m[1m^[22m[39m[31m[1m^[22m[39m[31m[1m^[22m[39m[31m[1m^[22m[39m[31m[1m^[22m[39m[31m[1m^[22m[39m[31m[1m^[22m[39m[31m[1m^[22m[39m[31m[1m^[22m[39m[31m[1m^[22m[39m[31m[1m^[22m[39m[31m[1m^[22m[39m[31m[1m^[22m[39m[31m[1m^[22m[39m[31m[1m^[22m[39m[31m[1m^[22m[39m[31m[1m^[22m[39m[31m[1m^[22m[39m[31m[1m^[22m[39m[31m[1m^[22m[39m[31m[1m^[22m[39m[31m[1m^[22m[39m[31m[1m^[22m[39m[31m[1m^[22m[39m[31m[1m^[22m[39m[31m[1m^[22m[39m[31m[1m^[22m[39m[31m[1m^[22m[39m[31m[1m^[22m[39m[31m[1m^[22m[39m[31m[1m^[22m[39m[31m[1m^[22m[39m[31m[1m^[22m[39m[31m[1m^[22m[39m[31m[1m^[22m[39m[31m[1m^[22m[39m[31m[1m^[22m[39m[31m[1m^[22m[39m[31m[1m^[22m[39m[31m[1m^[22m[39m[31m[1m^[22m[39m[31m[1m^[22m[39m[31m[1m^[22m[39m[31m[1m^[22m[39m[31m[1m^[22m[39m[31m[1m^[22m[39m
 [90m 6 |[39m
 [90m 7 |[39m [36mconst[39m steps [33m=[39m [
 [90m 8 |[39m     {[0m

Import map: aliased to relative './src/components/ui/Button' inside of [project]/


Import trace:
  Server Component:
    ./src/components/home/JourneySection.tsx
    ./src/app/(public)/page.tsx

https://nextjs.org/docs/messages/module-not-found


./src/components/home/PartnersSection.tsx:5:1
Module not found: Can't resolve '@/components/ui/Button'
[0m [90m 3 |[39m [36mimport[39m { [33mHeart[39m[33m,[39m [33mStethoscope[39m[33m,[39m [33mUtensilsCrossed[39m[33m,[39m [33mUsers[39m[33m,[39m [33mArrowLeft[39m } [36mfrom[39m [32m"lucide-react"[39m[33m;[39m
 [90m 4 |[39m [36mimport[39m [33mLink[39m [36mfrom[39m [32m'next/link'[39m[33m;[39m
[31m[1m>[22m[39m[90m 5 |[39m [36mimport[39m { [33mButton[39m } [36mfrom[39m [32m"@/components/ui/Button"[39m[33m;[39m
 [90m   |[39m [31m[1m^[22m[39m[31m[1m^[22m[39m[31m[1m^[22m[39m[31m[1m^[22m[39m[31m[1m^[22m[39m[31m[1m^[22m[39m[31m[1m^[22m[39m[31m[1m^[22m[39m[31m[1m^[22m[39m[31m[1m^[22m[39m[31m[1m^[22m[39m[31m[1m^[22m[39m[31m[1m^[22m[39m[31m[1m^[22m[39m[31m[1m^[22m[39m[31m[1m^[22m[39m[31m[1m^[22m[39m[31m[1m^[22m[39m[31m[1m^[22m[39m[31m[1m^[22m[39m[31m[1m^[22m[39m[31m[1m^[22m[39m[31m[1m^[22m[39m[31m[1m^[22m[39m[31m[1m^[22m[39m[31m[1m^[22m[39m[31m[1m^[22m[39m[31m[1m^[22m[39m[31m[1m^[22m[39m[31m[1m^[22m[39m[31m[1m^[22m[39m[31m[1m^[22m[39m[31m[1m^[22m[39m[31m[1m^[22m[39m[31m[1m^[22m[39m[31m[1m^[22m[39m[31m[1m^[22m[39m[31m[1m^[22m[39m[31m[1m^[22m[39m[31m[1m^[22m[39m[31m[1m^[22m[39m[31m[1m^[22m[39m[31m[1m^[22m[39m[31m[1m^[22m[39m[31m[1m^[22m[39m[31m[1m^[22m[39m[31m[1m^[22m[39m[31m[1m^[22m[39m
 [90m 6 |[39m
 [90m 7 |[39m [36mconst[39m partners [33m=[39m [
 [90m 8 |[39m   { name[33m:[39m [32m"جمعية رسالة"[39m[33m,[39m icon[33m:[39m [33mHeart[39m[33m,[39m cases[33m:[39m [32m"٣٥٠ حالة"[39m[33m,[39m type[33m:[39m [32m"عامة"[39m }[33m,[39m[0m

Import map: aliased to relative './src/components/ui/Button' inside of [project]/


Import trace:
  Server Component:
    ./src/components/home/PartnersSection.tsx
    ./src/app/(public)/page.tsx

https://nextjs.org/docs/messages/module-not-found


./src/components/layout/Header.tsx:5:1
Module not found: Can't resolve '@/components/ui/Button'
[0m [90m 3 |[39m [36mimport[39m { useState } [36mfrom[39m [32m"react"[39m[33m;[39m
 [90m 4 |[39m [36mimport[39m [33mLink[39m [36mfrom[39m [32m"next/link"[39m[33m;[39m
[31m[1m>[22m[39m[90m 5 |[39m [36mimport[39m { [33mButton[39m } [36mfrom[39m [32m"@/components/ui/Button"[39m[33m;[39m
 [90m   |[39m [31m[1m^[22m[39m[31m[1m^[22m[39m[31m[1m^[22m[39m[31m[1m^[22m[39m[31m[1m^[22m[39m[31m[1m^[22m[39m[31m[1m^[22m[39m[31m[1m^[22m[39m[31m[1m^[22m[39m[31m[1m^[22m[39m[31m[1m^[22m[39m[31m[1m^[22m[39m[31m[1m^[22m[39m[31m[1m^[22m[39m[31m[1m^[22m[39m[31m[1m^[22m[39m[31m[1m^[22m[39m[31m[1m^[22m[39m[31m[1m^[22m[39m[31m[1m^[22m[39m[31m[1m^[22m[39m[31m[1m^[22m[39m[31m[1m^[22m[39m[31m[1m^[22m[39m[31m[1m^[22m[39m[31m[1m^[22m[39m[31m[1m^[22m[39m[31m[1m^[22m[39m[31m[1m^[22m[39m[31m[1m^[22m[39m[31m[1m^[22m[39m[31m[1m^[22m[39m[31m[1m^[22m[39m[31m[1m^[22m[39m[31m[1m^[22m[39m[31m[1m^[22m[39m[31m[1m^[22m[39m[31m[1m^[22m[39m[31m[1m^[22m[39m[31m[1m^[22m[39m[31m[1m^[22m[39m[31m[1m^[22m[39m[31m[1m^[22m[39m[31m[1m^[22m[39m[31m[1m^[22m[39m[31m[1m^[22m[39m[31m[1m^[22m[39m[31m[1m^[22m[39m
 [90m 6 |[39m [36mimport[39m { [33mMenu[39m[33m,[39m [33mX[39m } [36mfrom[39m [32m"lucide-react"[39m[33m;[39m
 [90m 7 |[39m
 [90m 8 |[39m [36mexport[39m [36mfunction[39m [33mHeader[39m() {[0m

Import map: aliased to relative './src/components/ui/Button' inside of [project]/


Import trace:
  Server Component:
    ./src/components/layout/Header.tsx
    ./src/app/(public)/layout.tsx

https://nextjs.org/docs/messages/module-not-found


./src/components/profile/organization/OrganizationDocuments.tsx:7:1
Module not found: Can't resolve '@/components/ui/Button'
[0m [90m  5 |[39m [36mimport[39m { [33mProfileCard[39m } [36mfrom[39m [32m'../shared/ProfileCard'[39m[33m;[39m
 [90m  6 |[39m [36mimport[39m { [33mProfileSection[39m } [36mfrom[39m [32m'../shared/ProfileSection'[39m[33m;[39m
[31m[1m>[22m[39m[90m  7 |[39m [36mimport[39m { [33mButton[39m } [36mfrom[39m [32m'@/components/ui/Button'[39m[33m;[39m
 [90m    |[39m [31m[1m^[22m[39m[31m[1m^[22m[39m[31m[1m^[22m[39m[31m[1m^[22m[39m[31m[1m^[22m[39m[31m[1m^[22m[39m[31m[1m^[22m[39m[31m[1m^[22m[39m[31m[1m^[22m[39m[31m[1m^[22m[39m[31m[1m^[22m[39m[31m[1m^[22m[39m[31m[1m^[22m[39m[31m[1m^[22m[39m[31m[1m^[22m[39m[31m[1m^[22m[39m[31m[1m^[22m[39m[31m[1m^[22m[39m[31m[1m^[22m[39m[31m[1m^[22m[39m[31m[1m^[22m[39m[31m[1m^[22m[39m[31m[1m^[22m[39m[31m[1m^[22m[39m[31m[1m^[22m[39m[31m[1m^[22m[39m[31m[1m^[22m[39m[31m[1m^[22m[39m[31m[1m^[22m[39m[31m[1m^[22m[39m[31m[1m^[22m[39m[31m[1m^[22m[39m[31m[1m^[22m[39m[31m[1m^[22m[39m[31m[1m^[22m[39m[31m[1m^[22m[39m[31m[1m^[22m[39m[31m[1m^[22m[39m[31m[1m^[22m[39m[31m[1m^[22m[39m[31m[1m^[22m[39m[31m[1m^[22m[39m[31m[1m^[22m[39m[31m[1m^[22m[39m[31m[1m^[22m[39m[31m[1m^[22m[39m[31m[1m^[22m[39m[31m[1m^[22m[39m
 [90m  8 |[39m [36mimport[39m { [33mOrganizationProfile[39m } [36mfrom[39m [32m'@/types/profile'[39m[33m;[39m
 [90m  9 |[39m
 [90m 10 |[39m [36minterface[39m [33mOrganizationDocumentsProps[39m {[0m

Import map: aliased to relative './src/components/ui/Button' inside of [project]/


Import traces:
  Client Component Browser:
    ./src/components/profile/organization/OrganizationDocuments.tsx [Client Component Browser]
    ./src/components/profile/organization/index.ts [Client Component Browser]
    ./src/app/profile/[type]/page.tsx [Client Component Browser]
    ./src/app/profile/[type]/page.tsx [Server Component]

  Client Component SSR:
    ./src/components/profile/organization/OrganizationDocuments.tsx [Client Component SSR]
    ./src/components/profile/organization/index.ts [Client Component SSR]
    ./src/app/profile/[type]/page.tsx [Client Component SSR]
    ./src/app/profile/[type]/page.tsx [Server Component]

https://nextjs.org/docs/messages/module-not-found


./src/components/profile/shared/EditableField.tsx:7:1
Module not found: Can't resolve '@/components/ui/Button'
[0m [90m  5 |[39m [36mimport[39m { [33mInput[39m } [36mfrom[39m [32m'@/components/ui/input'[39m[33m;[39m
 [90m  6 |[39m [36mimport[39m { [33mTextarea[39m } [36mfrom[39m [32m'@/components/ui/textarea'[39m[33m;[39m
[31m[1m>[22m[39m[90m  7 |[39m [36mimport[39m { [33mButton[39m } [36mfrom[39m [32m'@/components/ui/Button'[39m[33m;[39m
 [90m    |[39m [31m[1m^[22m[39m[31m[1m^[22m[39m[31m[1m^[22m[39m[31m[1m^[22m[39m[31m[1m^[22m[39m[31m[1m^[22m[39m[31m[1m^[22m[39m[31m[1m^[22m[39m[31m[1m^[22m[39m[31m[1m^[22m[39m[31m[1m^[22m[39m[31m[1m^[22m[39m[31m[1m^[22m[39m[31m[1m^[22m[39m[31m[1m^[22m[39m[31m[1m^[22m[39m[31m[1m^[22m[39m[31m[1m^[22m[39m[31m[1m^[22m[39m[31m[1m^[22m[39m[31m[1m^[22m[39m[31m[1m^[22m[39m[31m[1m^[22m[39m[31m[1m^[22m[39m[31m[1m^[22m[39m[31m[1m^[22m[39m[31m[1m^[22m[39m[31m[1m^[22m[39m[31m[1m^[22m[39m[31m[1m^[22m[39m[31m[1m^[22m[39m[31m[1m^[22m[39m[31m[1m^[22m[39m[31m[1m^[22m[39m[31m[1m^[22m[39m[31m[1m^[22m[39m[31m[1m^[22m[39m[31m[1m^[22m[39m[31m[1m^[22m[39m[31m[1m^[22m[39m[31m[1m^[22m[39m[31m[1m^[22m[39m[31m[1m^[22m[39m[31m[1m^[22m[39m[31m[1m^[22m[39m[31m[1m^[22m[39m[31m[1m^[22m[39m[31m[1m^[22m[39m
 [90m  8 |[39m [36mimport[39m { [33mLabel[39m } [36mfrom[39m [32m'@/components/ui/label'[39m[33m;[39m
 [90m  9 |[39m [36mimport[39m { cn } [36mfrom[39m [32m'@/lib/utils'[39m[33m;[39m
 [90m 10 |[39m [36mimport[39m { [33mEditableFieldProps[39m } [36mfrom[39m [32m'@/types/profile'[39m[33m;[39m[0m

Import map: aliased to relative './src/components/ui/Button' inside of [project]/


Import traces:
  Client Component Browser:
    ./src/components/profile/shared/EditableField.tsx [Client Component Browser]
    ./src/components/profile/shared/index.ts [Client Component Browser]
    ./src/app/profile/[type]/page.tsx [Client Component Browser]
    ./src/app/profile/[type]/page.tsx [Server Component]

  Client Component SSR:
    ./src/components/profile/shared/EditableField.tsx [Client Component SSR]
    ./src/components/profile/shared/index.ts [Client Component SSR]
    ./src/app/profile/[type]/page.tsx [Client Component SSR]
    ./src/app/profile/[type]/page.tsx [Server Component]

https://nextjs.org/docs/messages/module-not-found


./src/components/profile/shared/ProfileHeader.tsx:5:1
Module not found: Can't resolve '@/components/ui/Button'
[0m [90m 3 |[39m [36mimport[39m [33mReact[39m [36mfrom[39m [32m'react'[39m[33m;[39m
 [90m 4 |[39m [36mimport[39m { [33mEdit2[39m[33m,[39m [33mSave[39m[33m,[39m [33mX[39m } [36mfrom[39m [32m'lucide-react'[39m[33m;[39m
[31m[1m>[22m[39m[90m 5 |[39m [36mimport[39m { [33mButton[39m } [36mfrom[39m [32m'@/components/ui/Button'[39m[33m;[39m
 [90m   |[39m [31m[1m^[22m[39m[31m[1m^[22m[39m[31m[1m^[22m[39m[31m[1m^[22m[39m[31m[1m^[22m[39m[31m[1m^[22m[39m[31m[1m^[22m[39m[31m[1m^[22m[39m[31m[1m^[22m[39m[31m[1m^[22m[39m[31m[1m^[22m[39m[31m[1m^[22m[39m[31m[1m^[22m[39m[31m[1m^[22m[39m[31m[1m^[22m[39m[31m[1m^[22m[39m[31m[1m^[22m[39m[31m[1m^[22m[39m[31m[1m^[22m[39m[31m[1m^[22m[39m[31m[1m^[22m[39m[31m[1m^[22m[39m[31m[1m^[22m[39m[31m[1m^[22m[39m[31m[1m^[22m[39m[31m[1m^[22m[39m[31m[1m^[22m[39m[31m[1m^[22m[39m[31m[1m^[22m[39m[31m[1m^[22m[39m[31m[1m^[22m[39m[31m[1m^[22m[39m[31m[1m^[22m[39m[31m[1m^[22m[39m[31m[1m^[22m[39m[31m[1m^[22m[39m[31m[1m^[22m[39m[31m[1m^[22m[39m[31m[1m^[22m[39m[31m[1m^[22m[39m[31m[1m^[22m[39m[31m[1m^[22m[39m[31m[1m^[22m[39m[31m[1m^[22m[39m[31m[1m^[22m[39m[31m[1m^[22m[39m[31m[1m^[22m[39m[31m[1m^[22m[39m
 [90m 6 |[39m [36mimport[39m { [33mAvatarUpload[39m } [36mfrom[39m [32m'./AvatarUpload'[39m[33m;[39m
 [90m 7 |[39m
 [90m 8 |[39m [36minterface[39m [33mProfileHeaderProps[39m {[0m

Import map: aliased to relative './src/components/ui/Button' inside of [project]/


Import traces:
  Client Component Browser:
    ./src/components/profile/shared/ProfileHeader.tsx [Client Component Browser]
    ./src/components/profile/shared/index.ts [Client Component Browser]
    ./src/app/profile/[type]/page.tsx [Client Component Browser]
    ./src/app/profile/[type]/page.tsx [Server Component]

  Client Component SSR:
    ./src/components/profile/shared/ProfileHeader.tsx [Client Component SSR]
    ./src/components/profile/shared/index.ts [Client Component SSR]
    ./src/app/profile/[type]/page.tsx [Client Component SSR]
    ./src/app/profile/[type]/page.tsx [Server Component]

https://nextjs.org/docs/messages/module-not-found


./src/components/profile/user/UserSecuritySettings.tsx:7:1
Module not found: Can't resolve '@/components/ui/Button'
[0m [90m  5 |[39m [36mimport[39m { [33mProfileCard[39m } [36mfrom[39m [32m'../shared/ProfileCard'[39m[33m;[39m
 [90m  6 |[39m [36mimport[39m { [33mProfileSection[39m } [36mfrom[39m [32m'../shared/ProfileSection'[39m[33m;[39m
[31m[1m>[22m[39m[90m  7 |[39m [36mimport[39m { [33mButton[39m } [36mfrom[39m [32m'@/components/ui/Button'[39m[33m;[39m
 [90m    |[39m [31m[1m^[22m[39m[31m[1m^[22m[39m[31m[1m^[22m[39m[31m[1m^[22m[39m[31m[1m^[22m[39m[31m[1m^[22m[39m[31m[1m^[22m[39m[31m[1m^[22m[39m[31m[1m^[22m[39m[31m[1m^[22m[39m[31m[1m^[22m[39m[31m[1m^[22m[39m[31m[1m^[22m[39m[31m[1m^[22m[39m[31m[1m^[22m[39m[31m[1m^[22m[39m[31m[1m^[22m[39m[31m[1m^[22m[39m[31m[1m^[22m[39m[31m[1m^[22m[39m[31m[1m^[22m[39m[31m[1m^[22m[39m[31m[1m^[22m[39m[31m[1m^[22m[39m[31m[1m^[22m[39m[31m[1m^[22m[39m[31m[1m^[22m[39m[31m[1m^[22m[39m[31m[1m^[22m[39m[31m[1m^[22m[39m[31m[1m^[22m[39m[31m[1m^[22m[39m[31m[1m^[22m[39m[31m[1m^[22m[39m[31m[1m^[22m[39m[31m[1m^[22m[39m[31m[1m^[22m[39m[31m[1m^[22m[39m[31m[1m^[22m[39m[31m[1m^[22m[39m[31m[1m^[22m[39m[31m[1m^[22m[39m[31m[1m^[22m[39m[31m[1m^[22m[39m[31m[1m^[22m[39m[31m[1m^[22m[39m[31m[1m^[22m[39m[31m[1m^[22m[39m
 [90m  8 |[39m [36mimport[39m { [33mInput[39m } [36mfrom[39m [32m'@/components/ui/input'[39m[33m;[39m
 [90m  9 |[39m [36mimport[39m { [33mLabel[39m } [36mfrom[39m [32m'@/components/ui/label'[39m[33m;[39m
 [90m 10 |[39m[0m

Import map: aliased to relative './src/components/ui/Button' inside of [project]/


Import traces:
  Client Component Browser:
    ./src/components/profile/user/UserSecuritySettings.tsx [Client Component Browser]
    ./src/app/profile/[type]/page.tsx [Client Component Browser]
    ./src/app/profile/[type]/page.tsx [Server Component]

  Client Component SSR:
    ./src/components/profile/user/UserSecuritySettings.tsx [Client Component SSR]
    ./src/app/profile/[type]/page.tsx [Client Component SSR]
    ./src/app/profile/[type]/page.tsx [Server Component]

https://nextjs.org/docs/messages/module-not-found


    at <unknown> (./src/app/(auth)/forgot-password/page.tsx:5:1)
    at <unknown> (https://nextjs.org/docs/messages/module-not-found)
    at <unknown> (./src/app/(auth)/login/page.tsx:9:1)
    at <unknown> (https://nextjs.org/docs/messages/module-not-found)
    at <unknown> (./src/app/(auth)/register/page.tsx:5:1)
    at <unknown> (https://nextjs.org/docs/messages/module-not-found)
    at <unknown> (./src/components/auth/shared/AuthWrapper.tsx:4:1)
    at <unknown> (https://nextjs.org/docs/messages/module-not-found)
    at <unknown> (./src/components/home/HeroSection.tsx:4:1)
    at <unknown> (https://nextjs.org/docs/messages/module-not-found)
    at <unknown> (./src/components/home/JourneySection.tsx:5:1)
    at <unknown> (https://nextjs.org/docs/messages/module-not-found)
    at <unknown> (./src/components/home/PartnersSection.tsx:5:1)
    at <unknown> (https://nextjs.org/docs/messages/module-not-found)
    at <unknown> (./src/components/layout/Header.tsx:5:1)
    at <unknown> (https://nextjs.org/docs/messages/module-not-found)
    at <unknown> (./src/components/profile/organization/OrganizationDocuments.tsx:7:1)
    at <unknown> (https://nextjs.org/docs/messages/module-not-found)
    at <unknown> (./src/components/profile/shared/EditableField.tsx:7:1)
    at <unknown> (https://nextjs.org/docs/messages/module-not-found)
    at <unknown> (./src/components/profile/shared/ProfileHeader.tsx:5:1)
    at <unknown> (https://nextjs.org/docs/messages/module-not-found)
    at <unknown> (./src/components/profile/user/UserSecuritySettings.tsx:7:1)
    at <unknown> (https://nextjs.org/docs/messages/module-not-found)
